# JRE version: 7.0_13-b20
# Java VM: Java HotSpot(TM) 64-Bit Server VM (23.7-b01 mixed mode windows-amd64 compressed oops)
Heap
 PSYoungGen      total 105344K, used 52119K [0x00000007c0000000, 0x00000007c7000000, 0x0000000800000000)
  eden space 97152K, 45% used [0x00000007c0000000,0x00000007c2aedc70,0x00000007c5ee0000)
  from space 8192K, 99% used [0x00000007c5ee0000,0x00000007c66d8020,0x00000007c66e0000)
  to   space 8192K, 0% used [0x00000007c6800000,0x00000007c6800000,0x00000007c7000000)
 ParOldGen       total 131072K, used 11845K [0x0000000740000000, 0x0000000748000000, 0x00000007c0000000)
  object space 131072K, 9% used [0x0000000740000000,0x0000000740b91630,0x0000000748000000)
 PSPermGen       total 21248K, used 18026K [0x000000073ae00000, 0x000000073c2c0000, 0x0000000740000000)
  object space 21248K, 84% used [0x000000073ae00000,0x000000073bf9a838,0x000000073c2c0000)
GC Heap History (6 events):
Event: 1.160 GC heap before
{Heap before GC invocations=1 (full 0):
 PSYoungGen      total 57344K, used 49152K [0x00000007c0000000, 0x00000007c4000000, 0x0000000800000000)
  eden space 49152K, 100% used [0x00000007c0000000,0x00000007c3000000,0x00000007c3000000)
  from space 8192K, 0% used [0x00000007c3800000,0x00000007c3800000,0x00000007c4000000)
  to   space 8192K, 0% used [0x00000007c3000000,0x00000007c3000000,0x00000007c3800000)
 ParOldGen       total 131072K, used 0K [0x0000000740000000, 0x0000000748000000, 0x00000007c0000000)
  object space 131072K, 0% used [0x0000000740000000,0x0000000740000000,0x0000000748000000)
 PSPermGen       total 21248K, used 9748K [0x000000073ae00000, 0x000000073c2c0000, 0x0000000740000000)
  object space 21248K, 45% used [0x000000073ae00000,0x000000073b785328,0x000000073c2c0000)
Event: 1.173 GC heap after
Heap after GC invocations=1 (full 0):
 PSYoungGen      total 57344K, used 7142K [0x00000007c0000000, 0x00000007c7000000, 0x0000000800000000)
  eden space 49152K, 0% used [0x00000007c0000000,0x00000007c0000000,0x00000007c3000000)
  from space 8192K, 87% used [0x00000007c3000000,0x00000007c36f9a90,0x00000007c3800000)
  to   space 8192K, 0% used [0x00000007c6800000,0x00000007c6800000,0x00000007c7000000)
 ParOldGen       total 131072K, used 8K [0x0000000740000000, 0x0000000748000000, 0x00000007c0000000)
  object space 131072K, 0% used [0x0000000740000000,0x0000000740002000,0x0000000748000000)
 PSPermGen       total 21248K, used 9748K [0x000000073ae00000, 0x000000073c2c0000, 0x0000000740000000)
  object space 21248K, 45% used [0x000000073ae00000,0x000000073b785328,0x000000073c2c0000)
}
Event: 3.023 GC heap before
{Heap before GC invocations=2 (full 0):
 PSYoungGen      total 57344K, used 56294K [0x00000007c0000000, 0x00000007c7000000, 0x0000000800000000)
  eden space 49152K, 100% used [0x00000007c0000000,0x00000007c3000000,0x00000007c3000000)
  from space 8192K, 87% used [0x00000007c3000000,0x00000007c36f9a90,0x00000007c3800000)
  to   space 8192K, 0% used [0x00000007c6800000,0x00000007c6800000,0x00000007c7000000)
 ParOldGen       total 131072K, used 8K [0x0000000740000000, 0x0000000748000000, 0x00000007c0000000)
  object space 131072K, 0% used [0x0000000740000000,0x0000000740002000,0x0000000748000000)
 PSPermGen       total 21248K, used 13106K [0x000000073ae00000, 0x000000073c2c0000, 0x0000000740000000)
  object space 21248K, 61% used [0x000000073ae00000,0x000000073baccb10,0x000000073c2c0000)
Event: 3.035 GC heap after
Heap after GC invocations=2 (full 0):
 PSYoungGen      total 56192K, used 6995K [0x00000007c0000000, 0x00000007c6ee0000, 0x0000000800000000)
  eden space 49152K, 0% used [0x00000007c0000000,0x00000007c0000000,0x00000007c3000000)
  from space 7040K, 99% used [0x00000007c6800000,0x00000007c6ed4f50,0x00000007c6ee0000)
  to   space 8192K, 0% used [0x00000007c5ee0000,0x00000007c5ee0000,0x00000007c66e0000)
 ParOldGen       total 131072K, used 16K [0x0000000740000000, 0x0000000748000000, 0x00000007c0000000)
  object space 131072K, 0% used [0x0000000740000000,0x0000000740004000,0x0000000748000000)
 PSPermGen       total 21248K, used 13106K [0x000000073ae00000, 0x000000073c2c0000, 0x0000000740000000)
  object space 21248K, 61% used [0x000000073ae00000,0x000000073baccb10,0x000000073c2c0000)
}
Event: 5.520 GC heap before
{Heap before GC invocations=3 (full 0):
 PSYoungGen      total 56192K, used 56147K [0x00000007c0000000, 0x00000007c6ee0000, 0x0000000800000000)
  eden space 49152K, 100% used [0x00000007c0000000,0x00000007c3000000,0x00000007c3000000)
  from space 7040K, 99% used [0x00000007c6800000,0x00000007c6ed4f50,0x00000007c6ee0000)
  to   space 8192K, 0% used [0x00000007c5ee0000,0x00000007c5ee0000,0x00000007c66e0000)
 ParOldGen       total 131072K, used 16K [0x0000000740000000, 0x0000000748000000, 0x00000007c0000000)
  object space 131072K, 0% used [0x0000000740000000,0x0000000740004000,0x0000000748000000)
 PSPermGen       total 21248K, used 17022K [0x000000073ae00000, 0x000000073c2c0000, 0x0000000740000000)
  object space 21248K, 80% used [0x000000073ae00000,0x000000073be9f9d8,0x000000073c2c0000)
Event: 5.615 GC heap after
Heap after GC invocations=3 (full 0):
 PSYoungGen      total 105344K, used 8160K [0x00000007c0000000, 0x00000007c7000000, 0x0000000800000000)
  eden space 97152K, 0% used [0x00000007c0000000,0x00000007c0000000,0x00000007c5ee0000)
  from space 8192K, 99% used [0x00000007c5ee0000,0x00000007c66d8020,0x00000007c66e0000)
  to   space 8192K, 0% used [0x00000007c6800000,0x00000007c6800000,0x00000007c7000000)
 ParOldGen       total 131072K, used 11845K [0x0000000740000000, 0x0000000748000000, 0x00000007c0000000)
  object space 131072K, 9% used [0x0000000740000000,0x0000000740b91630,0x0000000748000000)
 PSPermGen       total 21248K, used 17022K [0x000000073ae00000, 0x000000073c2c0000, 0x0000000740000000)
  object space 21248K, 80% used [0x000000073ae00000,0x000000073be9f9d8,0x000000073c2c0000)
}

